# JRE version: OpenJDK Runtime Environment Temurin-19.0.2+7 (19.0.2+7) (build 19.0.2+7)
# Java VM: OpenJDK 64-Bit Server VM Temurin-19.0.2+7 (19.0.2+7, mixed mode, tiered, compressed oops, compressed class ptrs, g1 gc, windows-amd64)
GC Precious Log:
 CardTable entry size: 512
 Card Set container configuration: InlinePtr #cards 5 size 8 Array Of Cards #cards 12 size 40 Howl #buckets 4 coarsen threshold 1843 Howl Bitmap #cards 512 size 80 coarsen threshold 460 Card regions per heap region 1 cards per card region 2048
 CPUs: 4 total, 4 available
 Memory: 8083M
 Large Page Support: Disabled
 NUMA Support: Disabled
 Compressed Oops: Enabled (32-bit)
 Heap Region Size: 1M
 Heap Min Capacity: 8M
 Heap Initial Capacity: 128M
 Heap Max Capacity: 2022M
 Pre-touch: Disabled
 Parallel Workers: 4
 Concurrent Workers: 1
 Concurrent Refinement Workers: 4
 Periodic GC: Disabled
Heap:
 garbage-first heap   total 56320K, used 32556K [0x0000000081a00000, 0x0000000100000000)
  region size 1024K, 16 young (16384K), 2 survivors (2048K)
 Metaspace       used 51319K, committed 51840K, reserved 1114112K
  class space    used 5981K, committed 6208K, reserved 1048576K
GC Heap History (20 events):
Event: 6.567 GC heap before
{Heap before GC invocations=4 (full 0):
 garbage-first heap   total 37888K, used 27645K [0x0000000081a00000, 0x0000000100000000)
  region size 1024K, 22 young (22528K), 3 survivors (3072K)
 Metaspace       used 26084K, committed 26368K, reserved 1114112K
  class space    used 2761K, committed 2880K, reserved 1048576K
}
Event: 6.577 GC heap after
{Heap after GC invocations=5 (full 0):
 garbage-first heap   total 37888K, used 11415K [0x0000000081a00000, 0x0000000100000000)
  region size 1024K, 3 young (3072K), 3 survivors (3072K)
 Metaspace       used 26084K, committed 26368K, reserved 1114112K
  class space    used 2761K, committed 2880K, reserved 1048576K
}
Event: 6.603 GC heap before
{Heap before GC invocations=5 (full 0):
 garbage-first heap   total 37888K, used 12439K [0x0000000081a00000, 0x0000000100000000)
  region size 1024K, 4 young (4096K), 3 survivors (3072K)
 Metaspace       used 26267K, committed 26560K, reserved 1114112K
  class space    used 2783K, committed 2944K, reserved 1048576K
}
Event: 6.608 GC heap after
{Heap after GC invocations=6 (full 0):
 garbage-first heap   total 37888K, used 11523K [0x0000000081a00000, 0x0000000100000000)
  region size 1024K, 1 young (1024K), 1 survivors (1024K)
 Metaspace       used 26267K, committed 26560K, reserved 1114112K
  class space    used 2783K, committed 2944K, reserved 1048576K
}
Event: 7.376 GC heap before
{Heap before GC invocations=6 (full 0):
 garbage-first heap   total 37888K, used 22787K [0x0000000081a00000, 0x0000000100000000)
  region size 1024K, 13 young (13312K), 1 survivors (1024K)
 Metaspace       used 27565K, committed 27840K, reserved 1114112K
  class space    used 2919K, committed 3072K, reserved 1048576K
}
Event: 7.379 GC heap after
{Heap after GC invocations=7 (full 0):
 garbage-first heap   total 37888K, used 12475K [0x0000000081a00000, 0x0000000100000000)
  region size 1024K, 2 young (2048K), 2 survivors (2048K)
 Metaspace       used 27565K, committed 27840K, reserved 1114112K
  class space    used 2919K, committed 3072K, reserved 1048576K
}
Event: 8.064 GC heap before
{Heap before GC invocations=7 (full 0):
 garbage-first heap   total 37888K, used 24763K [0x0000000081a00000, 0x0000000100000000)
  region size 1024K, 14 young (14336K), 2 survivors (2048K)
 Metaspace       used 29456K, committed 29760K, reserved 1114112K
  class space    used 3156K, committed 3264K, reserved 1048576K
}
Event: 8.071 GC heap after
{Heap after GC invocations=8 (full 0):
 garbage-first heap   total 37888K, used 13519K [0x0000000081a00000, 0x0000000100000000)
  region size 1024K, 1 young (1024K), 1 survivors (1024K)
 Metaspace       used 29456K, committed 29760K, reserved 1114112K
  class space    used 3156K, committed 3264K, reserved 1048576K
}
Event: 9.046 GC heap before
{Heap before GC invocations=8 (full 0):
 garbage-first heap   total 37888K, used 25807K [0x0000000081a00000, 0x0000000100000000)
  region size 1024K, 13 young (13312K), 1 survivors (1024K)
 Metaspace       used 31806K, committed 32256K, reserved 1114112K
  class space    used 3490K, committed 3712K, reserved 1048576K
}
Event: 9.052 GC heap after
{Heap after GC invocations=9 (full 0):
 garbage-first heap   total 37888K, used 14654K [0x0000000081a00000, 0x0000000100000000)
  region size 1024K, 2 young (2048K), 2 survivors (2048K)
 Metaspace       used 31806K, committed 32256K, reserved 1114112K
  class space    used 3490K, committed 3712K, reserved 1048576K
}
Event: 9.771 GC heap before
{Heap before GC invocations=9 (full 0):
 garbage-first heap   total 37888K, used 26942K [0x0000000081a00000, 0x0000000100000000)
  region size 1024K, 14 young (14336K), 2 survivors (2048K)
 Metaspace       used 34202K, committed 34688K, reserved 1114112K
  class space    used 3860K, committed 4096K, reserved 1048576K
}
Event: 9.781 GC heap after
{Heap after GC invocations=10 (full 0):
 garbage-first heap   total 37888K, used 16276K [0x0000000081a00000, 0x0000000100000000)
  region size 1024K, 2 young (2048K), 2 survivors (2048K)
 Metaspace       used 34202K, committed 34688K, reserved 1114112K
  class space    used 3860K, committed 4096K, reserved 1048576K
}
Event: 10.047 GC heap before
{Heap before GC invocations=10 (full 0):
 garbage-first heap   total 37888K, used 18324K [0x0000000081a00000, 0x0000000100000000)
  region size 1024K, 6 young (6144K), 2 survivors (2048K)
 Metaspace       used 35508K, committed 35968K, reserved 1114112K
  class space    used 3997K, committed 4224K, reserved 1048576K
}
Event: 10.052 GC heap after
{Heap after GC invocations=11 (full 0):
 garbage-first heap   total 37888K, used 16745K [0x0000000081a00000, 0x0000000100000000)
  region size 1024K, 1 young (1024K), 1 survivors (1024K)
 Metaspace       used 35508K, committed 35968K, reserved 1114112K
  class space    used 3997K, committed 4224K, reserved 1048576K
}
Event: 10.817 GC heap before
{Heap before GC invocations=12 (full 0):
 garbage-first heap   total 37888K, used 28009K [0x0000000081a00000, 0x0000000100000000)
  region size 1024K, 12 young (12288K), 1 survivors (1024K)
 Metaspace       used 37989K, committed 38464K, reserved 1114112K
  class space    used 4285K, committed 4544K, reserved 1048576K
}
Event: 10.822 GC heap after
{Heap after GC invocations=13 (full 0):
 garbage-first heap   total 56320K, used 17588K [0x0000000081a00000, 0x0000000100000000)
  region size 1024K, 2 young (2048K), 2 survivors (2048K)
 Metaspace       used 37989K, committed 38464K, reserved 1114112K
  class space    used 4285K, committed 4544K, reserved 1048576K
}
Event: 10.844 GC heap before
{Heap before GC invocations=13 (full 0):
 garbage-first heap   total 56320K, used 18612K [0x0000000081a00000, 0x0000000100000000)
  region size 1024K, 3 young (3072K), 2 survivors (2048K)
 Metaspace       used 37990K, committed 38464K, reserved 1114112K
  class space    used 4285K, committed 4544K, reserved 1048576K
}
Event: 10.849 GC heap after
{Heap after GC invocations=14 (full 0):
 garbage-first heap   total 56320K, used 17379K [0x0000000081a00000, 0x0000000100000000)
  region size 1024K, 1 young (1024K), 1 survivors (1024K)
 Metaspace       used 37990K, committed 38464K, reserved 1114112K
  class space    used 4285K, committed 4544K, reserved 1048576K
}
Event: 13.436 GC heap before
{Heap before GC invocations=14 (full 0):
 garbage-first heap   total 56320K, used 39907K [0x0000000081a00000, 0x0000000100000000)
  region size 1024K, 24 young (24576K), 1 survivors (1024K)
 Metaspace       used 47754K, committed 48256K, reserved 1114112K
  class space    used 5416K, committed 5632K, reserved 1048576K
}
Event: 13.442 GC heap after
{Heap after GC invocations=15 (full 0):
 garbage-first heap   total 56320K, used 19244K [0x0000000081a00000, 0x0000000100000000)
  region size 1024K, 2 young (2048K), 2 survivors (2048K)
 Metaspace       used 47754K, committed 48256K, reserved 1114112K
  class space    used 5416K, committed 5632K, reserved 1048576K
}

